#
# A fatal error has been detected by the Java Runtime Environment:
#
#  EXCEPTION_ACCESS_VIOLATION (0xc0000005) at pc=0x000000006dd7adbf, pid=1880, tid=0x0000000000001438
#
# JRE version: OpenJDK Runtime Environment (8.0_152-b01) (build 1.8.0_152-release-1248-b01)
# Java VM: OpenJDK 64-Bit Server VM (25.152-b01 mixed mode windows-amd64 compressed oops)
# Problematic frame:
# V  [jvm.dll+0x3cadbf]
#
# Failed to write core dump. Minidumps are not enabled by default on client versions of Windows
#
# If you would like to submit a bug report, please visit:
#   http://bugreport.java.com/bugreport/crash.jsp
#

---------------  T H R E A D  ---------------

Current thread (0x0000000002e0c000):  GCTaskThread [stack: 0x0000000012ac0000,0x0000000012bc0000] [id=5176]

siginfo: ExceptionCode=0xc0000005, reading address 0x0000000000000010

Registers:
RAX=0x00000000a30205b8, RBX=0x0000000012bbf8d8, RCX=0x0000000000000003, RDX=0x0000000006840cd8
RSP=0x0000000012bbf830, RBP=0x0000000001310000, RSI=0x000000000130c2a4, RDI=0x0000000000000053
R8 =0x00000000a30205b8, R9 =0x0000000000000008, R10=0x0000000000000015, R11=0x00000000a30205b8
R12=0x000000006e175aa0, R13=0x0000000000000130, R14=0x00000000a9880000, R15=0x0000000012bbf8d8
RIP=0x000000006dd7adbf, EFLAGS=0x0000000000010202

Top of Stack: (sp=0x0000000012bbf830)
0x0000000012bbf830:   0000000012bbf8d8 0000000001310000
0x0000000012bbf840:   000000000130be9c 000000006dd796f5
0x0000000012bbf850:   0000000001310000 000000006dd7065d
0x0000000012bbf860:   000000000130c252 000000006dd7ace9
0x0000000012bbf870:   0000000000000000 000000006dd7ac0f
0x0000000012bbf880:   00000000a9ecf328 00000000a9880000
0x0000000012bbf890:   0000000000000130 0000000000000000
0x0000000012bbf8a0:   0000000002be0000 000000006dd7c0b4
0x0000000012bbf8b0:   00000000a9800000 0000000012bbf918
0x0000000012bbf8c0:   00000000a9800000 0000000012bbf918
0x0000000012bbf8d0:   0000000002be0000 000000006dfc5b78
0x0000000012bbf8e0:   000000006e175aa0 0000000002edaeb0
0x0000000012bbf8f0:   000000000000bf49 00000000a9861290
0x0000000012bbf900:   0000000002dfd7f0 00000000a30205b8
0x0000000012bbf910:   0000000002df0550 0000000002e0c260
0x0000000012bbf920:   0000000002e0c250 0000000002e024f0 

Instructions: (pc=0x000000006dd7adbf)
0x000000006dd7ad9f:   4c 8b 43 30 74 16 45 8b 48 08 8b 0d a9 18 39 00
0x000000006dd7adaf:   49 d3 e1 4c 03 0d 97 18 39 00 eb 04 4d 8b 48 08
0x000000006dd7adbf:   41 81 79 08 00 00 00 c0 73 10 49 8b 01 48 8b 53
0x000000006dd7adcf:   10 49 8b c9 ff 90 28 01 00 00 48 29 7b 18 48 8d 


Register to memory mapping:

RAX=
[error occurred during error reporting (printing register info), id 0xc0000005]

Stack: [0x0000000012ac0000,0x0000000012bc0000],  sp=0x0000000012bbf830,  free space=1022k
Native frames: (J=compiled Java code, j=interpreted, Vv=VM code, C=native code)
V  [jvm.dll+0x3cadbf]
V  [jvm.dll+0x3c065d]
V  [jvm.dll+0x3cc0b4]
V  [jvm.dll+0x3c150d]
V  [jvm.dll+0x3bec9e]
V  [jvm.dll+0x26d9aa]
C  [msvcr100.dll+0x21d9f]
C  [msvcr100.dll+0x21e3b]
C  [KERNEL32.DLL+0x17e94]
C  [ntdll.dll+0x6a251]


---------------  P R O C E S S  ---------------

Java Threads: ( => current thread )
  0x00000000195cc000 JavaThread "pool-11-thread-1" [_thread_blocked, id=13496, stack(0x0000000030510000,0x0000000030610000)]
  0x00000000195cd800 JavaThread "Build operations Thread 4" [_thread_blocked, id=12144, stack(0x0000000030410000,0x0000000030510000)]
  0x00000000195c7800 JavaThread "Build operations Thread 3" [_thread_blocked, id=1000, stack(0x0000000030310000,0x0000000030410000)]
  0x00000000195cb800 JavaThread "Build operations Thread 2" [_thread_blocked, id=10280, stack(0x0000000030210000,0x0000000030310000)]
  0x00000000195ca000 JavaThread "Build operations" [_thread_blocked, id=2952, stack(0x0000000030110000,0x0000000030210000)]
  0x00000000195c7000 JavaThread "Cache worker for cache directory md-rule (C:\Users\l.maurice\.gradle\caches\4.10.1\md-rule)" [_thread_blocked, id=12992, stack(0x0000000030010000,0x0000000030110000)]
  0x00000000195ca800 JavaThread "Cache worker for cache directory md-supplier (C:\Users\l.maurice\.gradle\caches\4.10.1\md-supplier)" [_thread_blocked, id=8428, stack(0x000000002ff10000,0x0000000030010000)]
  0x00000000195c2000 JavaThread "Cache worker for file hash cache (C:\Users\l.maurice\Documents\Kotlin de ses morts\KotlinArchitectureComponent-master\.gradle\4.10.1\fileHashes)" [_thread_blocked, id=10168, stack(0x000000002fe10000,0x000000002ff10000)]
  0x00000000195c6000 JavaThread "Stdin handler" [_thread_blocked, id=5436, stack(0x000000002fd10000,0x000000002fe10000)]
  0x00000000195c5800 JavaThread "Asynchronous log dispatcher for DefaultDaemonConnection: socket connection from /127.0.0.1:50895 to /127.0.0.1:51434" [_thread_blocked, id=5820, stack(0x000000002fc10000,0x000000002fd10000)]
  0x00000000195c4800 JavaThread "Cancel handler" [_thread_blocked, id=13600, stack(0x000000002fb10000,0x000000002fc10000)]
  0x00000000195c3000 JavaThread "Handler for socket connection from /127.0.0.1:50895 to /127.0.0.1:51434" [_thread_in_native, id=1620, stack(0x000000002fa10000,0x000000002fb10000)]
  0x0000000028c8f800 JavaThread "Daemon worker Thread 4" [_thread_blocked, id=9780, stack(0x000000002e310000,0x000000002e410000)]
  0x0000000028c8d800 JavaThread "Daemon Thread 4" [_thread_blocked, id=5124, stack(0x000000002e010000,0x000000002e110000)]
  0x000000001fc57000 JavaThread "Cache worker for file content cache (C:\Users\l.maurice\.gradle\caches\4.10.1\fileContent)" [_thread_blocked, id=2180, stack(0x00000000236d0000,0x00000000237d0000)]
  0x000000001fc5d000 JavaThread "Memory manager" [_thread_blocked, id=7908, stack(0x00000000235d0000,0x00000000236d0000)]
  0x000000001b1c9800 JavaThread "Cache worker for Artifact transforms cache (C:\Users\l.maurice\.gradle\caches\transforms-1)" [_thread_blocked, id=15996, stack(0x00000000205c0000,0x00000000206c0000)]
  0x000000001b1cd800 JavaThread "Cache worker for journal cache (C:\Users\l.maurice\.gradle\caches\journal-1)" [_thread_blocked, id=14932, stack(0x000000001d4f0000,0x000000001d5f0000)]
  0x0000000019a69800 JavaThread "File lock request listener" [_thread_in_native, id=10016, stack(0x000000001c320000,0x000000001c420000)]
  0x0000000019c8d800 JavaThread "Cache worker for file hash cache (C:\Users\l.maurice\.gradle\caches\4.10.1\fileHashes)" [_thread_blocked, id=11228, stack(0x000000001c220000,0x000000001c320000)]
  0x000000001956b800 JavaThread "Daemon periodic checks" [_thread_blocked, id=12212, stack(0x000000001a750000,0x000000001a850000)]
  0x0000000019565000 JavaThread "Incoming local TCP Connector on port 50895" [_thread_in_native, id=2216, stack(0x000000001a4e0000,0x000000001a5e0000)]
  0x00000000181f0800 JavaThread "Service Thread" daemon [_thread_blocked, id=2816, stack(0x00000000185d0000,0x00000000186d0000)]
  0x0000000016863800 JavaThread "C1 CompilerThread2" daemon [_thread_blocked, id=4748, stack(0x00000000180d0000,0x00000000181d0000)]
  0x0000000016860000 JavaThread "C2 CompilerThread1" daemon [_thread_blocked, id=14212, stack(0x0000000017fd0000,0x00000000180d0000)]
  0x000000001685b800 JavaThread "C2 CompilerThread0" daemon [_thread_blocked, id=2388, stack(0x0000000017ed0000,0x0000000017fd0000)]
  0x000000001685a800 JavaThread "Attach Listener" daemon [_thread_blocked, id=15252, stack(0x0000000017dd0000,0x0000000017ed0000)]
  0x0000000016859000 JavaThread "Signal Dispatcher" daemon [_thread_blocked, id=15256, stack(0x0000000017cd0000,0x0000000017dd0000)]
  0x0000000002eec800 JavaThread "Finalizer" daemon [_thread_blocked, id=4900, stack(0x0000000017ab0000,0x0000000017bb0000)]
  0x0000000002ee0800 JavaThread "Reference Handler" daemon [_thread_blocked, id=12068, stack(0x00000000179b0000,0x0000000017ab0000)]
  0x0000000002ded800 JavaThread "main" [_thread_blocked, id=11920, stack(0x0000000002c70000,0x0000000002d70000)]

Other Threads:
  0x0000000016827800 VMThread [stack: 0x00000000178b0000,0x00000000179b0000] [id=1184]
  0x00000000168be000 WatcherThread [stack: 0x00000000186d0000,0x00000000187d0000] [id=11292]

=>0x0000000002e0c000 (exited) GCTaskThread [stack: 0x0000000012ac0000,0x0000000012bc0000] [id=5176]

VM state:at safepoint (normal execution)

VM Mutex/Monitor currently owned by a thread:  ([mutex/lock_event])
[0x0000000002dec7c0] Threads_lock - owner thread: 0x0000000016827800
[0x0000000002ded140] Heap_lock - owner thread: 0x0000000028c8f800

Heap:
 PSYoungGen      total 435200K, used 18404K [0x00000000e0000000, 0x00000000fd580000, 0x0000000100000000)
  eden space 416768K, 0% used [0x00000000e0000000,0x00000000e0000000,0x00000000f9700000)
  from space 18432K, 99% used [0x00000000fc380000,0x00000000fd5790c0,0x00000000fd580000)
  to   space 31232K, 0% used [0x00000000f9880000,0x00000000f9880000,0x00000000fb700000)
 ParOldGen       total 294912K, used 162620K [0x00000000a0000000, 0x00000000b2000000, 0x00000000e0000000)
  object space 294912K, 55% used [0x00000000a0000000,0x00000000a9ecf328,0x00000000b2000000)
 Metaspace       used 93802K, capacity 98341K, committed 98380K, reserved 1134592K
  class space    used 11833K, capacity 12764K, committed 12800K, reserved 1048576K

Card table byte_map: [0x00000000122b0000,0x00000000125c0000] byte_map_base: 0x0000000011db0000

Marking Bits: (ParMarkBitMap*) 0x000000006e175aa0
 Begin Bits: [0x0000000012bc0000, 0x00000000143c0000)
 End Bits:   [0x00000000143c0000, 0x0000000015bc0000)

Polling page: 0x0000000000f40000

CodeCache: size=245760Kb used=61278Kb max_used=61293Kb free=184481Kb
 bounds [0x0000000002ef0000, 0x0000000006b30000, 0x0000000011ef0000]
 total_blobs=18673 nmethods=17793 adapters=791
 compilation: enabled

Compilation events (10 events):
Event: 804.945 Thread 0x0000000016863800 nmethod 22811 0x0000000003480790 code [0x00000000034809a0, 0x0000000003481088]
Event: 804.946 Thread 0x0000000016863800 22816       3       sun.reflect.misc.ReflectUtil::isNonPublicProxyClass (51 bytes)
Event: 804.947 Thread 0x0000000016863800 nmethod 22816 0x0000000006aef510 code [0x0000000006aef740, 0x0000000006af0458]
Event: 804.948 Thread 0x0000000016863800 22813       3       java.io.ObjectOutputStream$ReplaceTable::assign (33 bytes)
Event: 804.948 Thread 0x0000000016863800 nmethod 22813 0x0000000003ff80d0 code [0x0000000003ff8280, 0x0000000003ff87d8]
Event: 804.949 Thread 0x0000000016863800 22817       3       java.io.ObjectStreamField::compareTo (40 bytes)
Event: 804.950 Thread 0x0000000016863800 nmethod 22817 0x0000000003f933d0 code [0x0000000003f935c0, 0x0000000003f93fc8]
Event: 804.950 Thread 0x0000000016860000 nmethod 22794 0x0000000006b20110 code [0x0000000006b20300, 0x0000000006b21578]
Event: 804.950 Thread 0x0000000016860000 22812   !   4       java.io.ObjectOutputStream::writeObject0 (619 bytes)
Event: 804.951 Thread 0x0000000016863800 22803       3       sun.reflect.AccessorGenerator::emitCommonConstantPoolEntries (573 bytes)

GC Heap History (10 events):
Event: 95.389 GC heap after
Heap after GC invocations=43 (full 3):
 PSYoungGen      total 497152K, used 8780K [0x00000000e0000000, 0x00000000ffc80000, 0x0000000100000000)
  eden space 473088K, 0% used [0x00000000e0000000,0x00000000e0000000,0x00000000fce00000)
  from space 24064K, 36% used [0x00000000fe480000,0x00000000fed13340,0x00000000ffc00000)
  to   space 23040K, 0% used [0x00000000fce00000,0x00000000fce00000,0x00000000fe480000)
 ParOldGen       total 294912K, used 146528K [0x00000000a0000000, 0x00000000b2000000, 0x00000000e0000000)
  object space 294912K, 49% used [0x00000000a0000000,0x00000000a8f18260,0x00000000b2000000)
 Metaspace       used 83345K, capacity 86556K, committed 86784K, reserved 1124352K
  class space    used 10571K, capacity 11197K, committed 11264K, reserved 1048576K
}
Event: 595.214 GC heap before
{Heap before GC invocations=44 (full 3):
 PSYoungGen      total 497152K, used 481868K [0x00000000e0000000, 0x00000000ffc80000, 0x0000000100000000)
  eden space 473088K, 100% used [0x00000000e0000000,0x00000000fce00000,0x00000000fce00000)
  from space 24064K, 36% used [0x00000000fe480000,0x00000000fed13340,0x00000000ffc00000)
  to   space 23040K, 0% used [0x00000000fce00000,0x00000000fce00000,0x00000000fe480000)
 ParOldGen       total 294912K, used 146528K [0x00000000a0000000, 0x00000000b2000000, 0x00000000e0000000)
  object space 294912K, 49% used [0x00000000a0000000,0x00000000a8f18260,0x00000000b2000000)
 Metaspace       used 83632K, capacity 86882K, committed 87040K, reserved 1124352K
  class space    used 10584K, capacity 11208K, committed 11264K, reserved 1048576K
Event: 595.222 GC heap after
Heap after GC invocations=44 (full 3):
 PSYoungGen      total 462336K, used 3840K [0x00000000e0000000, 0x00000000fea80000, 0x0000000100000000)
  eden space 458240K, 0% used [0x00000000e0000000,0x00000000e0000000,0x00000000fbf80000)
  from space 4096K, 93% used [0x00000000fce00000,0x00000000fd1c0010,0x00000000fd200000)
  to   space 22016K, 0% used [0x00000000fd500000,0x00000000fd500000,0x00000000fea80000)
 ParOldGen       total 294912K, used 146560K [0x00000000a0000000, 0x00000000b2000000, 0x00000000e0000000)
  object space 294912K, 49% used [0x00000000a0000000,0x00000000a8f20260,0x00000000b2000000)
 Metaspace       used 83632K, capacity 86882K, committed 87040K, reserved 1124352K
  class space    used 10584K, capacity 11208K, committed 11264K, reserved 1048576K
}
Event: 707.549 GC heap before
{Heap before GC invocations=45 (full 3):
 PSYoungGen      total 462336K, used 462080K [0x00000000e0000000, 0x00000000fea80000, 0x0000000100000000)
  eden space 458240K, 100% used [0x00000000e0000000,0x00000000fbf80000,0x00000000fbf80000)
  from space 4096K, 93% used [0x00000000fce00000,0x00000000fd1c0010,0x00000000fd200000)
  to   space 22016K, 0% used [0x00000000fd500000,0x00000000fd500000,0x00000000fea80000)
 ParOldGen       total 294912K, used 146560K [0x00000000a0000000, 0x00000000b2000000, 0x00000000e0000000)
  object space 294912K, 49% used [0x00000000a0000000,0x00000000a8f20260,0x00000000b2000000)
 Metaspace       used 84302K, capacity 87586K, committed 87808K, reserved 1126400K
  class space    used 10601K, capacity 11236K, committed 11264K, reserved 1048576K
Event: 707.557 GC heap after
Heap after GC invocations=45 (full 3):
 PSYoungGen      total 451584K, used 7616K [0x00000000e0000000, 0x00000000fdc80000, 0x0000000100000000)
  eden space 443904K, 0% used [0x00000000e0000000,0x00000000e0000000,0x00000000fb180000)
  from space 7680K, 99% used [0x00000000fd500000,0x00000000fdc70090,0x00000000fdc80000)
  to   space 20992K, 0% used [0x00000000fb380000,0x00000000fb380000,0x00000000fc800000)
 ParOldGen       total 294912K, used 146584K [0x00000000a0000000, 0x00000000b2000000, 0x00000000e0000000)
  object space 294912K, 49% used [0x00000000a0000000,0x00000000a8f26260,0x00000000b2000000)
 Metaspace       used 84302K, capacity 87586K, committed 87808K, reserved 1126400K
  class space    used 10601K, capacity 11236K, committed 11264K, reserved 1048576K
}
Event: 802.700 GC heap before
{Heap before GC invocations=46 (full 3):
 PSYoungGen      total 451584K, used 451520K [0x00000000e0000000, 0x00000000fdc80000, 0x0000000100000000)
  eden space 443904K, 100% used [0x00000000e0000000,0x00000000fb180000,0x00000000fb180000)
  from space 7680K, 99% used [0x00000000fd500000,0x00000000fdc70090,0x00000000fdc80000)
  to   space 20992K, 0% used [0x00000000fb380000,0x00000000fb380000,0x00000000fc800000)
 ParOldGen       total 294912K, used 146584K [0x00000000a0000000, 0x00000000b2000000, 0x00000000e0000000)
  object space 294912K, 49% used [0x00000000a0000000,0x00000000a8f26260,0x00000000b2000000)
 Metaspace       used 89004K, capacity 93104K, committed 93440K, reserved 1130496K
  class space    used 11096K, capacity 11909K, committed 12032K, reserved 1048576K
Event: 802.715 GC heap after
Heap after GC invocations=46 (full 3):
 PSYoungGen      total 446464K, used 16159K [0x00000000e0000000, 0x00000000fd580000, 0x0000000100000000)
  eden space 430080K, 0% used [0x00000000e0000000,0x00000000e0000000,0x00000000fa400000)
  from space 16384K, 98% used [0x00000000fb380000,0x00000000fc347ff8,0x00000000fc380000)
  to   space 18432K, 0% used [0x00000000fc380000,0x00000000fc380000,0x00000000fd580000)
 ParOldGen       total 294912K, used 146608K [0x00000000a0000000, 0x00000000b2000000, 0x00000000e0000000)
  object space 294912K, 49% used [0x00000000a0000000,0x00000000a8f2c260,0x00000000b2000000)
 Metaspace       used 89004K, capacity 93104K, committed 93440K, reserved 1130496K
  class space    used 11096K, capacity 11909K, committed 12032K, reserved 1048576K
}
Event: 804.952 GC heap before
{Heap before GC invocations=47 (full 3):
 PSYoungGen      total 446464K, used 307248K [0x00000000e0000000, 0x00000000fd580000, 0x0000000100000000)
  eden space 430080K, 67% used [0x00000000e0000000,0x00000000f1c44230,0x00000000fa400000)
  from space 16384K, 98% used [0x00000000fb380000,0x00000000fc347ff8,0x00000000fc380000)
  to   space 18432K, 0% used [0x00000000fc380000,0x00000000fc380000,0x00000000fd580000)
 ParOldGen       total 294912K, used 146608K [0x00000000a0000000, 0x00000000b2000000, 0x00000000e0000000)
  object space 294912K, 49% used [0x00000000a0000000,0x00000000a8f2c260,0x00000000b2000000)
 Metaspace       used 93802K, capacity 98341K, committed 98380K, reserved 1134592K
  class space    used 11833K, capacity 12764K, committed 12800K, reserved 1048576K
Event: 804.978 GC heap after
Heap after GC invocations=47 (full 3):
 PSYoungGen      total 435200K, used 18404K [0x00000000e0000000, 0x00000000fd580000, 0x0000000100000000)
  eden space 416768K, 0% used [0x00000000e0000000,0x00000000e0000000,0x00000000f9700000)
  from space 18432K, 99% used [0x00000000fc380000,0x00000000fd5790c0,0x00000000fd580000)
  to   space 31232K, 0% used [0x00000000f9880000,0x00000000f9880000,0x00000000fb700000)
 ParOldGen       total 294912K, used 162620K [0x00000000a0000000, 0x00000000b2000000, 0x00000000e0000000)
  object space 294912K, 55% used [0x00000000a0000000,0x00000000a9ecf328,0x00000000b2000000)
 Metaspace       used 93802K, capacity 98341K, committed 98380K, reserved 1134592K
  class space    used 11833K, capacity 12764K, committed 12800K, reserved 1048576K
}
Event: 804.978 GC heap before
{Heap before GC invocations=48 (full 4):
 PSYoungGen      total 435200K, used 18404K [0x00000000e0000000, 0x00000000fd580000, 0x0000000100000000)
  eden space 416768K, 0% used [0x00000000e0000000,0x00000000e0000000,0x00000000f9700000)
  from space 18432K, 99% used [0x00000000fc380000,0x00000000fd5790c0,0x00000000fd580000)
  to   space 31232K, 0% used [0x00000000f9880000,0x00000000f9880000,0x00000000fb700000)
 ParOldGen       total 294912K, used 162620K [0x00000000a0000000, 0x00000000b2000000, 0x00000000e0000000)
  object space 294912K, 55% used [0x00000000a0000000,0x00000000a9ecf328,0x00000000b2000000)
 Metaspace       used 93802K, capacity 98341K, committed 98380K, reserved 1134592K
  class space    used 11833K, capacity 12764K, committed 12800K, reserved 1048576K

Deoptimization events (10 events):
Event: 804.928 Thread 0x0000000028c8f800 Uncommon trap: reason=class_check action=maybe_recompile pc=0x00000000038b1878 method=java.io.ObjectOutputStream.writeObject0(Ljava/lang/Object;Z)V @ 240
Event: 804.928 Thread 0x0000000028c8f800 Uncommon trap: reason=class_check action=maybe_recompile pc=0x00000000038b1878 method=java.io.ObjectOutputStream.writeObject0(Ljava/lang/Object;Z)V @ 240
Event: 804.929 Thread 0x0000000028c8f800 Uncommon trap: reason=class_check action=maybe_recompile pc=0x00000000038b1878 method=java.io.ObjectOutputStream.writeObject0(Ljava/lang/Object;Z)V @ 240
Event: 804.929 Thread 0x0000000028c8f800 Uncommon trap: reason=unstable_if action=reinterpret pc=0x00000000046fb358 method=java.io.ObjectOutputStream.writeClassDesc(Ljava/io/ObjectStreamClass;Z)V @ 41
Event: 804.929 Thread 0x0000000028c8f800 Uncommon trap: reason=unstable_if action=reinterpret pc=0x0000000004249e8c method=java.io.ObjectOutputStream.isCustomSubclass()Z @ 12
Event: 804.929 Thread 0x0000000028c8f800 Uncommon trap: reason=unstable_if action=reinterpret pc=0x0000000003ac3b54 method=java.lang.reflect.Proxy.isProxyClass(Ljava/lang/Class;)Z @ 6
Event: 804.936 Thread 0x0000000028c8f800 Uncommon trap: reason=class_check action=maybe_recompile pc=0x000000000641635c method=com.google.common.cache.LocalCache$Segment.put(Ljava/lang/Object;ILjava/lang/Object;Z)Ljava/lang/Object; @ 75
Event: 804.936 Thread 0x0000000028c8f800 Uncommon trap: reason=class_check action=maybe_recompile pc=0x000000000641635c method=com.google.common.cache.LocalCache$Segment.put(Ljava/lang/Object;ILjava/lang/Object;Z)Ljava/lang/Object; @ 75
Event: 804.936 Thread 0x0000000028c8f800 Uncommon trap: reason=class_check action=maybe_recompile pc=0x000000000641635c method=com.google.common.cache.LocalCache$Segment.put(Ljava/lang/Object;ILjava/lang/Object;Z)Ljava/lang/Object; @ 75
Event: 804.936 Thread 0x0000000028c8f800 Uncommon trap: reason=class_check action=maybe_recompile pc=0x000000000641635c method=com.google.common.cache.LocalCache$Segment.put(Ljava/lang/Object;ILjava/lang/Object;Z)Ljava/lang/Object; @ 75

Classes redefined (0 events):
No events

Internal exceptions (10 events):
Event: 803.625 Thread 0x0000000028c8f800 Exception <a 'java/lang/ClassNotFoundException': org/gradle/api/internal/file/collections/FileCollectionAdapterBeanInfo> (0x00000000ea632a28) thrown at [D:\src\AOSP-openjdk-cygwin\jdk8u\hotspot\src\share\vm\classfile\systemDictionary.cpp, line 210]
Event: 803.625 Thread 0x0000000028c8f800 Exception <a 'java/lang/ClassNotFoundException': org/gradle/api/internal/file/collections/FileCollectionAdapterCustomizer> (0x00000000ea64bc58) thrown at [D:\src\AOSP-openjdk-cygwin\jdk8u\hotspot\src\share\vm\classfile\systemDictionary.cpp, line 210]
Event: 803.625 Thread 0x0000000028c8f800 Exception <a 'java/lang/ClassNotFoundException': org/gradle/api/internal/file/DefaultFileCollectionFactory$1Customizer> (0x00000000ea66d5f8) thrown at [D:\src\AOSP-openjdk-cygwin\jdk8u\hotspot\src\share\vm\classfile\systemDictionary.cpp, line 210]
Event: 803.655 Thread 0x0000000028c8f800 Implicit null exception at 0x000000000455a6b3 to 0x000000000455af35
Event: 803.756 Thread 0x0000000028c8f800 Exception <a 'java/lang/ClassNotFoundException': org/gradle/plugins/ide/idea/model/IdeaProject_DecoratedBeanInfo> (0x00000000eb6f9650) thrown at [D:\src\AOSP-openjdk-cygwin\jdk8u\hotspot\src\share\vm\classfile\systemDictionary.cpp, line 210]
Event: 803.757 Thread 0x0000000028c8f800 Exception <a 'java/lang/ClassNotFoundException': org/gradle/plugins/ide/idea/model/IdeaProjectBeanInfo> (0x00000000eb71f5a8) thrown at [D:\src\AOSP-openjdk-cygwin\jdk8u\hotspot\src\share\vm\classfile\systemDictionary.cpp, line 210]
Event: 803.757 Thread 0x0000000028c8f800 Exception <a 'java/lang/ClassNotFoundException': org/gradle/plugins/ide/idea/model/IdeaProjectCustomizer> (0x00000000eb746068) thrown at [D:\src\AOSP-openjdk-cygwin\jdk8u\hotspot\src\share\vm\classfile\systemDictionary.cpp, line 210]
Event: 803.759 Thread 0x0000000028c8f800 Exception <a 'java/lang/ClassNotFoundException': org/gradle/plugins/ide/idea/model/IdeaProject_DecoratedCustomizer> (0x00000000eb7cf720) thrown at [D:\src\AOSP-openjdk-cygwin\jdk8u\hotspot\src\share\vm\classfile\systemDictionary.cpp, line 210]
Event: 804.718 Thread 0x0000000028c8f800 Implicit null exception at 0x00000000045e8545 to 0x00000000045e89a9
Event: 804.719 Thread 0x0000000028c8f800 Implicit null exception at 0x00000000047c3e72 to 0x00000000047c4039

Events (10 events):
Event: 804.936 Thread 0x0000000028c8f800 DEOPT PACKING pc=0x000000000641635c sp=0x000000002e40a540
Event: 804.936 Thread 0x0000000028c8f800 DEOPT UNPACKING pc=0x0000000002f3557b sp=0x000000002e40a4d0 mode 2
Event: 804.936 Thread 0x0000000028c8f800 Uncommon trap: trap_request=0xffffffde fr.pc=0x000000000641635c
Event: 804.936 Thread 0x0000000028c8f800 DEOPT PACKING pc=0x000000000641635c sp=0x000000002e40a770
Event: 804.936 Thread 0x0000000028c8f800 DEOPT UNPACKING pc=0x0000000002f3557b sp=0x000000002e40a700 mode 2
Event: 804.944 Thread 0x0000000016863800 flushing nmethod 0x000000000313bd50
Event: 804.945 Thread 0x0000000016863800 flushing nmethod 0x00000000032cd310
Event: 804.946 Thread 0x0000000016863800 flushing nmethod 0x0000000003473290
Event: 804.948 Thread 0x0000000016863800 flushing nmethod 0x000000000390b490
Event: 804.952 Executing VM operation: CollectForMetadataAllocation


Dynamic libraries:
0x00007ff6ea1a0000 - 0x00007ff6ea1d1000 	C:\Program Files\Android\Android Studio\jre\bin\java.exe
0x00007ffdc7f50000 - 0x00007ffdc813d000 	C:\windows\SYSTEM32\ntdll.dll
0x00007ffdc5dc0000 - 0x00007ffdc5e73000 	C:\windows\System32\KERNEL32.DLL
0x00007ffdc4cb0000 - 0x00007ffdc4f43000 	C:\windows\System32\KERNELBASE.dll
0x00007ffdc5180000 - 0x00007ffdc5223000 	C:\windows\System32\ADVAPI32.dll
0x00007ffdc61b0000 - 0x00007ffdc624e000 	C:\windows\System32\msvcrt.dll
0x00007ffdc6110000 - 0x00007ffdc61ae000 	C:\windows\System32\sechost.dll
0x00007ffdc7df0000 - 0x00007ffdc7f12000 	C:\windows\System32\RPCRT4.dll
0x00007ffdc5c20000 - 0x00007ffdc5db7000 	C:\windows\System32\USER32.dll
0x00007ffdc4c90000 - 0x00007ffdc4cb0000 	C:\windows\System32\win32u.dll
0x00007ffdc6080000 - 0x00007ffdc60a9000 	C:\windows\System32\GDI32.dll
0x00007ffdc4aa0000 - 0x00007ffdc4c3a000 	C:\windows\System32\gdi32full.dll
0x00007ffdc4050000 - 0x00007ffdc40f0000 	C:\windows\System32\msvcp_win.dll
0x00007ffdc5020000 - 0x00007ffdc511c000 	C:\windows\System32\ucrtbase.dll
0x00007ffdbd140000 - 0x00007ffdbd3b9000 	C:\windows\WinSxS\amd64_microsoft.windows.common-controls_6595b64144ccf1df_6.0.17763.253_none_05b2388e0721fece\COMCTL32.dll
0x00007ffdc6270000 - 0x00007ffdc659d000 	C:\windows\System32\combase.dll
0x00007ffdc4a20000 - 0x00007ffdc4a9e000 	C:\windows\System32\bcryptPrimitives.dll
0x00007ffdc5e80000 - 0x00007ffdc5eae000 	C:\windows\System32\IMM32.DLL
0x000000006f1b0000 - 0x000000006f1e9000 	C:\PROGRA~2\Sophos\SOPHOS~2\SOPHOS~2.DLL
0x00007ffdc5eb0000 - 0x00007ffdc5eb8000 	C:\windows\System32\PSAPI.DLL
0x000000006d8d0000 - 0x000000006d9a2000 	C:\Program Files\Android\Android Studio\jre\jre\bin\msvcr100.dll
0x000000006d9b0000 - 0x000000006e1f1000 	C:\Program Files\Android\Android Studio\jre\jre\bin\server\jvm.dll
0x00007ffdc1570000 - 0x00007ffdc1594000 	C:\windows\SYSTEM32\WINMM.dll
0x00007ffdc2170000 - 0x00007ffdc217a000 	C:\windows\SYSTEM32\VERSION.dll
0x00007ffdb5bc0000 - 0x00007ffdb5bc9000 	C:\windows\SYSTEM32\WSOCK32.dll
0x00007ffdc5410000 - 0x00007ffdc547d000 	C:\windows\System32\WS2_32.dll
0x00007ffdc1510000 - 0x00007ffdc153d000 	C:\windows\SYSTEM32\WINMMBASE.dll
0x00007ffdc4c40000 - 0x00007ffdc4c8a000 	C:\windows\System32\cfgmgr32.dll
0x00007ffdc3830000 - 0x00007ffdc383f000 	C:\Program Files\Android\Android Studio\jre\jre\bin\verify.dll
0x00007ffdbd8c0000 - 0x00007ffdbd8e9000 	C:\Program Files\Android\Android Studio\jre\jre\bin\java.dll
0x00007ffdbbdb0000 - 0x00007ffdbbdc6000 	C:\Program Files\Android\Android Studio\jre\jre\bin\zip.dll
0x00007ffdc6780000 - 0x00007ffdc7c6f000 	C:\windows\System32\SHELL32.dll
0x00007ffdc65a0000 - 0x00007ffdc6648000 	C:\windows\System32\shcore.dll
0x00007ffdc40f0000 - 0x00007ffdc483a000 	C:\windows\System32\windows.storage.dll
0x00007ffdc3ff0000 - 0x00007ffdc4014000 	C:\windows\System32\profapi.dll
0x00007ffdc3f70000 - 0x00007ffdc3fcd000 	C:\windows\System32\powrprof.dll
0x00007ffdc6650000 - 0x00007ffdc66a2000 	C:\windows\System32\shlwapi.dll
0x00007ffdc3f50000 - 0x00007ffdc3f61000 	C:\windows\System32\kernel.appcore.dll
0x00007ffdc5000000 - 0x00007ffdc5017000 	C:\windows\System32\cryptsp.dll
0x00007ffdb8840000 - 0x00007ffdb885a000 	C:\Program Files\Android\Android Studio\jre\jre\bin\net.dll
0x00007ffdc3400000 - 0x00007ffdc3467000 	C:\windows\system32\mswsock.dll
0x00007ffdb6680000 - 0x00007ffdb6691000 	C:\Program Files\Android\Android Studio\jre\jre\bin\nio.dll
0x00007ffdb1da0000 - 0x00007ffdb1dbe000 	C:\Users\l.maurice\.gradle\native\25\windows-amd64\native-platform.dll
0x00007ffdc2880000 - 0x00007ffdc288d000 	C:\Program Files\Android\Android Studio\jre\jre\bin\management.dll
0x00007ffdc2f60000 - 0x00007ffdc2f93000 	C:\windows\system32\rsaenh.dll
0x00007ffdc4020000 - 0x00007ffdc4046000 	C:\windows\System32\bcrypt.dll
0x00007ffdc3e80000 - 0x00007ffdc3ea8000 	C:\windows\SYSTEM32\USERENV.dll
0x00007ffdc35d0000 - 0x00007ffdc35dc000 	C:\windows\SYSTEM32\CRYPTBASE.dll
0x00007ffdc3160000 - 0x00007ffdc319d000 	C:\windows\SYSTEM32\IPHLPAPI.DLL
0x00007ffdc6770000 - 0x00007ffdc6778000 	C:\windows\System32\NSI.dll
0x00007ffdbf480000 - 0x00007ffdbf496000 	C:\windows\SYSTEM32\dhcpcsvc6.DLL
0x00007ffdbf440000 - 0x00007ffdbf45c000 	C:\windows\SYSTEM32\dhcpcsvc.DLL
0x00007ffdc31a0000 - 0x00007ffdc3266000 	C:\windows\SYSTEM32\DNSAPI.dll
0x00007ffdc3a90000 - 0x00007ffdc3c7d000 	C:\windows\SYSTEM32\dbghelp.dll

VM Arguments:
jvm_args: -Xmx1536m -Dfile.encoding=windows-1252 -Duser.country=FR -Duser.language=fr -Duser.variant 
java_command: org.gradle.launcher.daemon.bootstrap.GradleDaemon 4.10.1
java_class_path (initial): C:\Users\l.maurice\.gradle\wrapper\dists\gradle-4.10.1-all\455itskqi2qtf0v2sja68alqd\gradle-4.10.1\lib\gradle-launcher-4.10.1.jar
Launcher Type: SUN_STANDARD

Environment Variables:
PATH=C:\Program Files (x86)\Common Files\Oracle\Java\javapath;C:\windows\system32;C:\windows;C:\windows\System32\Wbem;C:\windows\System32\WindowsPowerShell\v1.0\;C:\windows\System32\OpenSSH\;C:\Program Files\PuTTY\;C:\Program Files\nodejs\;C:\Program Files\Git\cmd;C:\Users\l.maurice\AppData\Local\Microsoft\WindowsApps;;C:\Users\l.maurice\AppData\Local\Programs\Microsoft VS Code\bin;C:\Users\l.maurice\AppData\Roaming\npm
USERNAME=l.maurice
OS=Windows_NT
PROCESSOR_IDENTIFIER=Intel64 Family 6 Model 58 Stepping 9, GenuineIntel



---------------  S Y S T E M  ---------------

OS: Windows 10.0 , 64 bit Build 17763 (10.0.17763.1)

CPU:total 4 (initial active 4) (4 cores per cpu, 1 threads per core) family 6 model 58 stepping 9, cmov, cx8, fxsr, mmx, sse, sse2, sse3, ssse3, sse4.1, sse4.2, popcnt, avx, aes, clmul, erms, tsc, tscinvbit, tscinv

Memory: 4k page, physical 16690700k(8968660k free), swap 19181068k(9137508k free)

vm_info: OpenJDK 64-Bit Server VM (25.152-b01) for windows-amd64 JRE (1.8.0_152-release-1248-b01), built by "builder" with MS VC++ 10.0 (VS2010)

time: Thu Mar 21 10:52:04 2019
elapsed time: 805 seconds (0d 0h 13m 25s)

